2024-12-15 00:04:53,114 - __main__ - INFO - Команды зарегистрированы. Ожидание сообщений...
2024-12-15 00:12:45,233 - __main__ - INFO - Команды зарегистрированы. Ожидание сообщений...
2024-12-15 11:51:25,888 - __main__ - INFO - Команды зарегистрированы. Ожидание сообщений...
2024-12-15 12:08:45,811 - __main__ - INFO - Команды зарегистрированы. Ожидание сообщений...
2024-12-15 12:08:49,307 - httpx - INFO - HTTP Request: POST https://api.telegram.org/bot7778409248:AAH5-jsD0ohwn6BtBNbu575t5TnLaZFjiwk/getMe "HTTP/1.1 200 OK"
2024-12-15 12:08:49,333 - httpx - INFO - HTTP Request: POST https://api.telegram.org/bot7778409248:AAH5-jsD0ohwn6BtBNbu575t5TnLaZFjiwk/deleteWebhook "HTTP/1.1 200 OK"
2024-12-15 12:08:49,336 - telegram.ext.Application - INFO - Application started
2024-12-15 12:08:59,497 - httpx - INFO - HTTP Request: POST https://api.telegram.org/bot7778409248:AAH5-jsD0ohwn6BtBNbu575t5TnLaZFjiwk/getUpdates "HTTP/1.1 200 OK"
2024-12-15 12:09:09,635 - httpx - INFO - HTTP Request: POST https://api.telegram.org/bot7778409248:AAH5-jsD0ohwn6BtBNbu575t5TnLaZFjiwk/getUpdates "HTTP/1.1 200 OK"
2024-12-15 12:09:19,663 - httpx - INFO - HTTP Request: POST https://api.telegram.org/bot7778409248:AAH5-jsD0ohwn6BtBNbu575t5TnLaZFjiwk/getUpdates "HTTP/1.1 200 OK"
2024-12-15 12:09:29,705 - httpx - INFO - HTTP Request: POST https://api.telegram.org/bot7778409248:AAH5-jsD0ohwn6BtBNbu575t5TnLaZFjiwk/getUpdates "HTTP/1.1 200 OK"
2024-12-15 12:09:39,843 - httpx - INFO - HTTP Request: POST https://api.telegram.org/bot7778409248:AAH5-jsD0ohwn6BtBNbu575t5TnLaZFjiwk/getUpdates "HTTP/1.1 200 OK"
2024-12-15 12:09:49,870 - httpx - INFO - HTTP Request: POST https://api.telegram.org/bot7778409248:AAH5-jsD0ohwn6BtBNbu575t5TnLaZFjiwk/getUpdates "HTTP/1.1 200 OK"
2024-12-15 12:09:59,899 - httpx - INFO - HTTP Request: POST https://api.telegram.org/bot7778409248:AAH5-jsD0ohwn6BtBNbu575t5TnLaZFjiwk/getUpdates "HTTP/1.1 200 OK"
2024-12-15 12:10:09,927 - httpx - INFO - HTTP Request: POST https://api.telegram.org/bot7778409248:AAH5-jsD0ohwn6BtBNbu575t5TnLaZFjiwk/getUpdates "HTTP/1.1 200 OK"
2024-12-15 12:10:19,959 - httpx - INFO - HTTP Request: POST https://api.telegram.org/bot7778409248:AAH5-jsD0ohwn6BtBNbu575t5TnLaZFjiwk/getUpdates "HTTP/1.1 200 OK"
2024-12-15 12:10:29,985 - httpx - INFO - HTTP Request: POST https://api.telegram.org/bot7778409248:AAH5-jsD0ohwn6BtBNbu575t5TnLaZFjiwk/getUpdates "HTTP/1.1 200 OK"
2024-12-15 12:10:33,254 - httpx - INFO - HTTP Request: POST https://api.telegram.org/bot7778409248:AAH5-jsD0ohwn6BtBNbu575t5TnLaZFjiwk/getUpdates "HTTP/1.1 200 OK"
2024-12-15 12:10:33,365 - httpx - INFO - HTTP Request: POST https://api.telegram.org/bot7778409248:AAH5-jsD0ohwn6BtBNbu575t5TnLaZFjiwk/sendMessage "HTTP/1.1 200 OK"
2024-12-15 12:10:43,332 - httpx - INFO - HTTP Request: POST https://api.telegram.org/bot7778409248:AAH5-jsD0ohwn6BtBNbu575t5TnLaZFjiwk/getUpdates "HTTP/1.1 200 OK"
2024-12-15 12:10:53,469 - httpx - INFO - HTTP Request: POST https://api.telegram.org/bot7778409248:AAH5-jsD0ohwn6BtBNbu575t5TnLaZFjiwk/getUpdates "HTTP/1.1 200 OK"
2024-12-15 12:11:03,504 - httpx - INFO - HTTP Request: POST https://api.telegram.org/bot7778409248:AAH5-jsD0ohwn6BtBNbu575t5TnLaZFjiwk/getUpdates "HTTP/1.1 200 OK"
2024-12-15 12:11:13,539 - httpx - INFO - HTTP Request: POST https://api.telegram.org/bot7778409248:AAH5-jsD0ohwn6BtBNbu575t5TnLaZFjiwk/getUpdates "HTTP/1.1 200 OK"
2024-12-15 12:11:23,678 - httpx - INFO - HTTP Request: POST https://api.telegram.org/bot7778409248:AAH5-jsD0ohwn6BtBNbu575t5TnLaZFjiwk/getUpdates "HTTP/1.1 200 OK"
2024-12-15 12:11:33,815 - httpx - INFO - HTTP Request: POST https://api.telegram.org/bot7778409248:AAH5-jsD0ohwn6BtBNbu575t5TnLaZFjiwk/getUpdates "HTTP/1.1 200 OK"
2024-12-15 12:11:43,850 - httpx - INFO - HTTP Request: POST https://api.telegram.org/bot7778409248:AAH5-jsD0ohwn6BtBNbu575t5TnLaZFjiwk/getUpdates "HTTP/1.1 200 OK"
2024-12-15 12:11:53,886 - httpx - INFO - HTTP Request: POST https://api.telegram.org/bot7778409248:AAH5-jsD0ohwn6BtBNbu575t5TnLaZFjiwk/getUpdates "HTTP/1.1 200 OK"
2024-12-15 12:12:03,925 - httpx - INFO - HTTP Request: POST https://api.telegram.org/bot7778409248:AAH5-jsD0ohwn6BtBNbu575t5TnLaZFjiwk/getUpdates "HTTP/1.1 200 OK"
2024-12-15 12:12:14,059 - httpx - INFO - HTTP Request: POST https://api.telegram.org/bot7778409248:AAH5-jsD0ohwn6BtBNbu575t5TnLaZFjiwk/getUpdates "HTTP/1.1 200 OK"
2024-12-15 12:12:24,197 - httpx - INFO - HTTP Request: POST https://api.telegram.org/bot7778409248:AAH5-jsD0ohwn6BtBNbu575t5TnLaZFjiwk/getUpdates "HTTP/1.1 200 OK"
2024-12-15 12:12:34,335 - httpx - INFO - HTTP Request: POST https://api.telegram.org/bot7778409248:AAH5-jsD0ohwn6BtBNbu575t5TnLaZFjiwk/getUpdates "HTTP/1.1 200 OK"
2024-12-15 12:12:44,473 - httpx - INFO - HTTP Request: POST https://api.telegram.org/bot7778409248:AAH5-jsD0ohwn6BtBNbu575t5TnLaZFjiwk/getUpdates "HTTP/1.1 200 OK"
2024-12-15 12:12:54,526 - httpx - INFO - HTTP Request: POST https://api.telegram.org/bot7778409248:AAH5-jsD0ohwn6BtBNbu575t5TnLaZFjiwk/getUpdates "HTTP/1.1 200 OK"
2024-12-15 12:13:04,555 - httpx - INFO - HTTP Request: POST https://api.telegram.org/bot7778409248:AAH5-jsD0ohwn6BtBNbu575t5TnLaZFjiwk/getUpdates "HTTP/1.1 200 OK"
2024-12-15 12:13:16,576 - telegram.ext.Updater - ERROR - Error while getting Updates: httpx.ConnectError: [Errno -3] Temporary failure in name resolution
2024-12-15 12:13:16,576 - telegram.ext.Application - ERROR - No error handlers are registered, logging exception.
Traceback (most recent call last):
  File "/home/bot/projects/bot_news/venv/lib/python3.12/site-packages/httpcore/_exceptions.py", line 10, in map_exceptions
    yield
  File "/home/bot/projects/bot_news/venv/lib/python3.12/site-packages/httpcore/_backends/anyio.py", line 114, in connect_tcp
    stream: anyio.abc.ByteStream = await anyio.connect_tcp(
                                   ^^^^^^^^^^^^^^^^^^^^^^^^
  File "/home/bot/projects/bot_news/venv/lib/python3.12/site-packages/anyio/_core/_sockets.py", line 208, in connect_tcp
    gai_res = await getaddrinfo(
              ^^^^^^^^^^^^^^^^^^
  File "/home/bot/projects/bot_news/venv/lib/python3.12/site-packages/anyio/_core/_sockets.py", line 581, in getaddrinfo
    gai_res = await get_async_backend().getaddrinfo(
              ^^^^^^^^^^^^^^^^^^^^^^^^^^^^^^^^^^^^^^
  File "/home/bot/projects/bot_news/venv/lib/python3.12/site-packages/anyio/_backends/_asyncio.py", line 2727, in getaddrinfo
    return await get_running_loop().getaddrinfo(
           ^^^^^^^^^^^^^^^^^^^^^^^^^^^^^^^^^^^^^
  File "/usr/lib/python3.12/asyncio/base_events.py", line 901, in getaddrinfo
    return await self.run_in_executor(
           ^^^^^^^^^^^^^^^^^^^^^^^^^^^
  File "/usr/lib/python3.12/concurrent/futures/thread.py", line 58, in run
    result = self.fn(*self.args, **self.kwargs)
             ^^^^^^^^^^^^^^^^^^^^^^^^^^^^^^^^^^
  File "/usr/lib/python3.12/socket.py", line 963, in getaddrinfo
    for res in _socket.getaddrinfo(host, port, family, type, proto, flags):
               ^^^^^^^^^^^^^^^^^^^^^^^^^^^^^^^^^^^^^^^^^^^^^^^^^^^^^^^^^^^
socket.gaierror: [Errno -3] Temporary failure in name resolution

The above exception was the direct cause of the following exception:

Traceback (most recent call last):
  File "/home/bot/projects/bot_news/venv/lib/python3.12/site-packages/httpx/_transports/default.py", line 60, in map_httpcore_exceptions
    yield
  File "/home/bot/projects/bot_news/venv/lib/python3.12/site-packages/httpx/_transports/default.py", line 353, in handle_async_request
    resp = await self._pool.handle_async_request(req)
           ^^^^^^^^^^^^^^^^^^^^^^^^^^^^^^^^^^^^^^^^^^
  File "/home/bot/projects/bot_news/venv/lib/python3.12/site-packages/httpcore/_async/connection_pool.py", line 262, in handle_async_request
    raise exc
  File "/home/bot/projects/bot_news/venv/lib/python3.12/site-packages/httpcore/_async/connection_pool.py", line 245, in handle_async_request
    response = await connection.handle_async_request(request)
               ^^^^^^^^^^^^^^^^^^^^^^^^^^^^^^^^^^^^^^^^^^^^^^
  File "/home/bot/projects/bot_news/venv/lib/python3.12/site-packages/httpcore/_async/connection.py", line 92, in handle_async_request
    raise exc
  File "/home/bot/projects/bot_news/venv/lib/python3.12/site-packages/httpcore/_async/connection.py", line 69, in handle_async_request
    stream = await self._connect(request)
             ^^^^^^^^^^^^^^^^^^^^^^^^^^^^
  File "/home/bot/projects/bot_news/venv/lib/python3.12/site-packages/httpcore/_async/connection.py", line 117, in _connect
    stream = await self._network_backend.connect_tcp(**kwargs)
             ^^^^^^^^^^^^^^^^^^^^^^^^^^^^^^^^^^^^^^^^^^^^^^^^^
  File "/home/bot/projects/bot_news/venv/lib/python3.12/site-packages/httpcore/_backends/auto.py", line 31, in connect_tcp
    return await self._backend.connect_tcp(
           ^^^^^^^^^^^^^^^^^^^^^^^^^^^^^^^^
  File "/home/bot/projects/bot_news/venv/lib/python3.12/site-packages/httpcore/_backends/anyio.py", line 112, in connect_tcp
    with map_exceptions(exc_map):
  File "/usr/lib/python3.12/contextlib.py", line 158, in __exit__
    self.gen.throw(value)
  File "/home/bot/projects/bot_news/venv/lib/python3.12/site-packages/httpcore/_exceptions.py", line 14, in map_exceptions
    raise to_exc(exc) from exc
httpcore.ConnectError: [Errno -3] Temporary failure in name resolution

The above exception was the direct cause of the following exception:

Traceback (most recent call last):
  File "/home/bot/projects/bot_news/venv/lib/python3.12/site-packages/telegram/request/_httpxrequest.py", line 216, in do_request
    res = await self._client.request(
          ^^^^^^^^^^^^^^^^^^^^^^^^^^^
  File "/home/bot/projects/bot_news/venv/lib/python3.12/site-packages/httpx/_client.py", line 1530, in request
    return await self.send(request, auth=auth, follow_redirects=follow_redirects)
           ^^^^^^^^^^^^^^^^^^^^^^^^^^^^^^^^^^^^^^^^^^^^^^^^^^^^^^^^^^^^^^^^^^^^^^
  File "/home/bot/projects/bot_news/venv/lib/python3.12/site-packages/httpx/_client.py", line 1617, in send
    response = await self._send_handling_auth(
               ^^^^^^^^^^^^^^^^^^^^^^^^^^^^^^^
  File "/home/bot/projects/bot_news/venv/lib/python3.12/site-packages/httpx/_client.py", line 1645, in _send_handling_auth
    response = await self._send_handling_redirects(
               ^^^^^^^^^^^^^^^^^^^^^^^^^^^^^^^^^^^^
  File "/home/bot/projects/bot_news/venv/lib/python3.12/site-packages/httpx/_client.py", line 1682, in _send_handling_redirects
    response = await self._send_single_request(request)
               ^^^^^^^^^^^^^^^^^^^^^^^^^^^^^^^^^^^^^^^^
  File "/home/bot/projects/bot_news/venv/lib/python3.12/site-packages/httpx/_client.py", line 1719, in _send_single_request
    response = await transport.handle_async_request(request)
               ^^^^^^^^^^^^^^^^^^^^^^^^^^^^^^^^^^^^^^^^^^^^^
  File "/home/bot/projects/bot_news/venv/lib/python3.12/site-packages/httpx/_transports/default.py", line 352, in handle_async_request
    with map_httpcore_exceptions():
  File "/usr/lib/python3.12/contextlib.py", line 158, in __exit__
    self.gen.throw(value)
  File "/home/bot/projects/bot_news/venv/lib/python3.12/site-packages/httpx/_transports/default.py", line 77, in map_httpcore_exceptions
    raise mapped_exc(message) from exc
httpx.ConnectError: [Errno -3] Temporary failure in name resolution

The above exception was the direct cause of the following exception:

Traceback (most recent call last):
  File "/home/bot/projects/bot_news/venv/lib/python3.12/site-packages/telegram/ext/_updater.py", line 607, in _network_loop_retry
    if not await action_cb():
           ^^^^^^^^^^^^^^^^^
  File "/home/bot/projects/bot_news/venv/lib/python3.12/site-packages/telegram/ext/_updater.py", line 335, in polling_action_cb
    raise exc
  File "/home/bot/projects/bot_news/venv/lib/python3.12/site-packages/telegram/ext/_updater.py", line 320, in polling_action_cb
    updates = await self.bot.get_updates(
              ^^^^^^^^^^^^^^^^^^^^^^^^^^^
  File "/home/bot/projects/bot_news/venv/lib/python3.12/site-packages/telegram/ext/_extbot.py", line 543, in get_updates
    updates = await super().get_updates(
              ^^^^^^^^^^^^^^^^^^^^^^^^^^
  File "/home/bot/projects/bot_news/venv/lib/python3.12/site-packages/telegram/_bot.py", line 381, in decorator
    result = await func(self, *args, **kwargs)  # skipcq: PYL-E1102
             ^^^^^^^^^^^^^^^^^^^^^^^^^^^^^^^^^
  File "/home/bot/projects/bot_news/venv/lib/python3.12/site-packages/telegram/_bot.py", line 3661, in get_updates
    await self._post(
  File "/home/bot/projects/bot_news/venv/lib/python3.12/site-packages/telegram/_bot.py", line 469, in _post
    return await self._do_post(
           ^^^^^^^^^^^^^^^^^^^^
  File "/home/bot/projects/bot_news/venv/lib/python3.12/site-packages/telegram/ext/_extbot.py", line 325, in _do_post
    return await super()._do_post(
           ^^^^^^^^^^^^^^^^^^^^^^^
  File "/home/bot/projects/bot_news/venv/lib/python3.12/site-packages/telegram/_bot.py", line 497, in _do_post
    return await request.post(
           ^^^^^^^^^^^^^^^^^^^
  File "/home/bot/projects/bot_news/venv/lib/python3.12/site-packages/telegram/request/_baserequest.py", line 168, in post
    result = await self._request_wrapper(
             ^^^^^^^^^^^^^^^^^^^^^^^^^^^^
  File "/home/bot/projects/bot_news/venv/lib/python3.12/site-packages/telegram/request/_baserequest.py", line 291, in _request_wrapper
    raise exc
  File "/home/bot/projects/bot_news/venv/lib/python3.12/site-packages/telegram/request/_baserequest.py", line 277, in _request_wrapper
    code, payload = await self.do_request(
                    ^^^^^^^^^^^^^^^^^^^^^^
  File "/home/bot/projects/bot_news/venv/lib/python3.12/site-packages/telegram/request/_httpxrequest.py", line 240, in do_request
    raise NetworkError(f"httpx.{err.__class__.__name__}: {err}") from err
telegram.error.NetworkError: httpx.ConnectError: [Errno -3] Temporary failure in name resolution
2024-12-15 12:13:27,686 - httpx - INFO - HTTP Request: POST https://api.telegram.org/bot7778409248:AAH5-jsD0ohwn6BtBNbu575t5TnLaZFjiwk/getUpdates "HTTP/1.1 200 OK"
2024-12-15 12:13:37,722 - httpx - INFO - HTTP Request: POST https://api.telegram.org/bot7778409248:AAH5-jsD0ohwn6BtBNbu575t5TnLaZFjiwk/getUpdates "HTTP/1.1 200 OK"
2024-12-15 12:13:47,756 - httpx - INFO - HTTP Request: POST https://api.telegram.org/bot7778409248:AAH5-jsD0ohwn6BtBNbu575t5TnLaZFjiwk/getUpdates "HTTP/1.1 200 OK"
2024-12-15 12:13:57,791 - httpx - INFO - HTTP Request: POST https://api.telegram.org/bot7778409248:AAH5-jsD0ohwn6BtBNbu575t5TnLaZFjiwk/getUpdates "HTTP/1.1 200 OK"
2024-12-15 12:14:07,819 - httpx - INFO - HTTP Request: POST https://api.telegram.org/bot7778409248:AAH5-jsD0ohwn6BtBNbu575t5TnLaZFjiwk/getUpdates "HTTP/1.1 200 OK"
2024-12-15 12:14:17,860 - httpx - INFO - HTTP Request: POST https://api.telegram.org/bot7778409248:AAH5-jsD0ohwn6BtBNbu575t5TnLaZFjiwk/getUpdates "HTTP/1.1 200 OK"
2024-12-15 12:14:27,890 - httpx - INFO - HTTP Request: POST https://api.telegram.org/bot7778409248:AAH5-jsD0ohwn6BtBNbu575t5TnLaZFjiwk/getUpdates "HTTP/1.1 200 OK"
2024-12-15 12:14:38,036 - httpx - INFO - HTTP Request: POST https://api.telegram.org/bot7778409248:AAH5-jsD0ohwn6BtBNbu575t5TnLaZFjiwk/getUpdates "HTTP/1.1 200 OK"
2024-12-15 12:14:48,060 - httpx - INFO - HTTP Request: POST https://api.telegram.org/bot7778409248:AAH5-jsD0ohwn6BtBNbu575t5TnLaZFjiwk/getUpdates "HTTP/1.1 200 OK"
2024-12-15 12:14:58,089 - httpx - INFO - HTTP Request: POST https://api.telegram.org/bot7778409248:AAH5-jsD0ohwn6BtBNbu575t5TnLaZFjiwk/getUpdates "HTTP/1.1 200 OK"
2024-12-15 12:15:08,244 - httpx - INFO - HTTP Request: POST https://api.telegram.org/bot7778409248:AAH5-jsD0ohwn6BtBNbu575t5TnLaZFjiwk/getUpdates "HTTP/1.1 200 OK"
2024-12-15 12:15:18,279 - httpx - INFO - HTTP Request: POST https://api.telegram.org/bot7778409248:AAH5-jsD0ohwn6BtBNbu575t5TnLaZFjiwk/getUpdates "HTTP/1.1 200 OK"
2024-12-15 12:15:28,315 - httpx - INFO - HTTP Request: POST https://api.telegram.org/bot7778409248:AAH5-jsD0ohwn6BtBNbu575t5TnLaZFjiwk/getUpdates "HTTP/1.1 200 OK"
2024-12-15 12:15:38,339 - httpx - INFO - HTTP Request: POST https://api.telegram.org/bot7778409248:AAH5-jsD0ohwn6BtBNbu575t5TnLaZFjiwk/getUpdates "HTTP/1.1 200 OK"
2024-12-15 12:15:48,363 - httpx - INFO - HTTP Request: POST https://api.telegram.org/bot7778409248:AAH5-jsD0ohwn6BtBNbu575t5TnLaZFjiwk/getUpdates "HTTP/1.1 200 OK"
2024-12-15 12:15:58,420 - httpx - INFO - HTTP Request: POST https://api.telegram.org/bot7778409248:AAH5-jsD0ohwn6BtBNbu575t5TnLaZFjiwk/getUpdates "HTTP/1.1 200 OK"
2024-12-15 12:16:08,456 - httpx - INFO - HTTP Request: POST https://api.telegram.org/bot7778409248:AAH5-jsD0ohwn6BtBNbu575t5TnLaZFjiwk/getUpdates "HTTP/1.1 200 OK"
2024-12-15 12:16:18,539 - httpx - INFO - HTTP Request: POST https://api.telegram.org/bot7778409248:AAH5-jsD0ohwn6BtBNbu575t5TnLaZFjiwk/getUpdates "HTTP/1.1 200 OK"
2024-12-15 12:16:28,564 - httpx - INFO - HTTP Request: POST https://api.telegram.org/bot7778409248:AAH5-jsD0ohwn6BtBNbu575t5TnLaZFjiwk/getUpdates "HTTP/1.1 200 OK"
2024-12-15 12:16:38,664 - httpx - INFO - HTTP Request: POST https://api.telegram.org/bot7778409248:AAH5-jsD0ohwn6BtBNbu575t5TnLaZFjiwk/getUpdates "HTTP/1.1 200 OK"
2024-12-15 12:16:48,700 - httpx - INFO - HTTP Request: POST https://api.telegram.org/bot7778409248:AAH5-jsD0ohwn6BtBNbu575t5TnLaZFjiwk/getUpdates "HTTP/1.1 200 OK"
2024-12-15 12:16:58,724 - httpx - INFO - HTTP Request: POST https://api.telegram.org/bot7778409248:AAH5-jsD0ohwn6BtBNbu575t5TnLaZFjiwk/getUpdates "HTTP/1.1 200 OK"
2024-12-15 12:17:08,771 - httpx - INFO - HTTP Request: POST https://api.telegram.org/bot7778409248:AAH5-jsD0ohwn6BtBNbu575t5TnLaZFjiwk/getUpdates "HTTP/1.1 200 OK"
2024-12-15 12:17:18,806 - httpx - INFO - HTTP Request: POST https://api.telegram.org/bot7778409248:AAH5-jsD0ohwn6BtBNbu575t5TnLaZFjiwk/getUpdates "HTTP/1.1 200 OK"
2024-12-15 12:17:28,944 - httpx - INFO - HTTP Request: POST https://api.telegram.org/bot7778409248:AAH5-jsD0ohwn6BtBNbu575t5TnLaZFjiwk/getUpdates "HTTP/1.1 200 OK"
2024-12-15 12:17:38,979 - httpx - INFO - HTTP Request: POST https://api.telegram.org/bot7778409248:AAH5-jsD0ohwn6BtBNbu575t5TnLaZFjiwk/getUpdates "HTTP/1.1 200 OK"
2024-12-15 12:17:49,003 - httpx - INFO - HTTP Request: POST https://api.telegram.org/bot7778409248:AAH5-jsD0ohwn6BtBNbu575t5TnLaZFjiwk/getUpdates "HTTP/1.1 200 OK"
2024-12-15 12:17:59,024 - httpx - INFO - HTTP Request: POST https://api.telegram.org/bot7778409248:AAH5-jsD0ohwn6BtBNbu575t5TnLaZFjiwk/getUpdates "HTTP/1.1 200 OK"
2024-12-15 12:18:09,086 - httpx - INFO - HTTP Request: POST https://api.telegram.org/bot7778409248:AAH5-jsD0ohwn6BtBNbu575t5TnLaZFjiwk/getUpdates "HTTP/1.1 200 OK"
2024-12-15 12:18:19,122 - httpx - INFO - HTTP Request: POST https://api.telegram.org/bot7778409248:AAH5-jsD0ohwn6BtBNbu575t5TnLaZFjiwk/getUpdates "HTTP/1.1 200 OK"
2024-12-15 12:18:29,259 - httpx - INFO - HTTP Request: POST https://api.telegram.org/bot7778409248:AAH5-jsD0ohwn6BtBNbu575t5TnLaZFjiwk/getUpdates "HTTP/1.1 200 OK"
2024-12-15 12:18:39,295 - httpx - INFO - HTTP Request: POST https://api.telegram.org/bot7778409248:AAH5-jsD0ohwn6BtBNbu575t5TnLaZFjiwk/getUpdates "HTTP/1.1 200 OK"
2024-12-15 12:18:49,336 - httpx - INFO - HTTP Request: POST https://api.telegram.org/bot7778409248:AAH5-jsD0ohwn6BtBNbu575t5TnLaZFjiwk/getUpdates "HTTP/1.1 200 OK"
2024-12-15 12:18:59,360 - httpx - INFO - HTTP Request: POST https://api.telegram.org/bot7778409248:AAH5-jsD0ohwn6BtBNbu575t5TnLaZFjiwk/getUpdates "HTTP/1.1 200 OK"
2024-12-15 12:19:09,400 - httpx - INFO - HTTP Request: POST https://api.telegram.org/bot7778409248:AAH5-jsD0ohwn6BtBNbu575t5TnLaZFjiwk/getUpdates "HTTP/1.1 200 OK"
2024-12-15 12:19:19,425 - httpx - INFO - HTTP Request: POST https://api.telegram.org/bot7778409248:AAH5-jsD0ohwn6BtBNbu575t5TnLaZFjiwk/getUpdates "HTTP/1.1 200 OK"
2024-12-15 12:19:29,471 - httpx - INFO - HTTP Request: POST https://api.telegram.org/bot7778409248:AAH5-jsD0ohwn6BtBNbu575t5TnLaZFjiwk/getUpdates "HTTP/1.1 200 OK"
2024-12-15 12:19:39,493 - httpx - INFO - HTTP Request: POST https://api.telegram.org/bot7778409248:AAH5-jsD0ohwn6BtBNbu575t5TnLaZFjiwk/getUpdates "HTTP/1.1 200 OK"
2024-12-15 12:19:49,549 - httpx - INFO - HTTP Request: POST https://api.telegram.org/bot7778409248:AAH5-jsD0ohwn6BtBNbu575t5TnLaZFjiwk/getUpdates "HTTP/1.1 200 OK"
2024-12-15 12:19:59,680 - httpx - INFO - HTTP Request: POST https://api.telegram.org/bot7778409248:AAH5-jsD0ohwn6BtBNbu575t5TnLaZFjiwk/getUpdates "HTTP/1.1 200 OK"
2024-12-15 12:20:09,704 - httpx - INFO - HTTP Request: POST https://api.telegram.org/bot7778409248:AAH5-jsD0ohwn6BtBNbu575t5TnLaZFjiwk/getUpdates "HTTP/1.1 200 OK"
2024-12-15 12:20:19,853 - httpx - INFO - HTTP Request: POST https://api.telegram.org/bot7778409248:AAH5-jsD0ohwn6BtBNbu575t5TnLaZFjiwk/getUpdates "HTTP/1.1 200 OK"
2024-12-15 12:20:29,990 - httpx - INFO - HTTP Request: POST https://api.telegram.org/bot7778409248:AAH5-jsD0ohwn6BtBNbu575t5TnLaZFjiwk/getUpdates "HTTP/1.1 200 OK"
2024-12-15 12:20:40,128 - httpx - INFO - HTTP Request: POST https://api.telegram.org/bot7778409248:AAH5-jsD0ohwn6BtBNbu575t5TnLaZFjiwk/getUpdates "HTTP/1.1 200 OK"
2024-12-15 12:20:50,163 - httpx - INFO - HTTP Request: POST https://api.telegram.org/bot7778409248:AAH5-jsD0ohwn6BtBNbu575t5TnLaZFjiwk/getUpdates "HTTP/1.1 200 OK"
2024-12-15 12:21:00,186 - httpx - INFO - HTTP Request: POST https://api.telegram.org/bot7778409248:AAH5-jsD0ohwn6BtBNbu575t5TnLaZFjiwk/getUpdates "HTTP/1.1 200 OK"
2024-12-15 12:21:10,234 - httpx - INFO - HTTP Request: POST https://api.telegram.org/bot7778409248:AAH5-jsD0ohwn6BtBNbu575t5TnLaZFjiwk/getUpdates "HTTP/1.1 200 OK"
2024-12-15 12:21:17,170 - telegram.ext.Application - INFO - Application is stopping. This might take a moment.
2024-12-15 12:21:17,170 - telegram.ext.Application - INFO - Application.stop() complete
2024-12-15 12:26:22,539 - __main__ - INFO - Команды зарегистрированы. Ожидание сообщений...
2024-12-15 12:26:22,625 - httpx - INFO - HTTP Request: POST https://api.telegram.org/bot7778409248:AAH5-jsD0ohwn6BtBNbu575t5TnLaZFjiwk/getMe "HTTP/1.1 200 OK"
2024-12-15 12:26:22,647 - httpx - INFO - HTTP Request: POST https://api.telegram.org/bot7778409248:AAH5-jsD0ohwn6BtBNbu575t5TnLaZFjiwk/deleteWebhook "HTTP/1.1 200 OK"
2024-12-15 12:26:22,648 - telegram.ext.Application - INFO - Application started
2024-12-15 12:26:32,800 - httpx - INFO - HTTP Request: POST https://api.telegram.org/bot7778409248:AAH5-jsD0ohwn6BtBNbu575t5TnLaZFjiwk/getUpdates "HTTP/1.1 200 OK"
2024-12-15 12:26:34,334 - httpx - INFO - HTTP Request: POST https://api.telegram.org/bot7778409248:AAH5-jsD0ohwn6BtBNbu575t5TnLaZFjiwk/getUpdates "HTTP/1.1 200 OK"
2024-12-15 12:26:34,432 - httpx - INFO - HTTP Request: POST https://api.telegram.org/bot7778409248:AAH5-jsD0ohwn6BtBNbu575t5TnLaZFjiwk/sendMessage "HTTP/1.1 200 OK"
2024-12-15 12:26:39,780 - telegram.ext.Application - INFO - Application is stopping. This might take a moment.
2024-12-15 12:26:39,781 - telegram.ext.Application - INFO - Application.stop() complete
2024-12-15 12:29:27,039 - __main__ - INFO - Команды зарегистрированы. Ожидание сообщений...
2024-12-15 12:29:27,175 - httpx - INFO - HTTP Request: POST https://api.telegram.org/bot7778409248:AAH5-jsD0ohwn6BtBNbu575t5TnLaZFjiwk/getMe "HTTP/1.1 200 OK"
2024-12-15 12:29:27,199 - httpx - INFO - HTTP Request: POST https://api.telegram.org/bot7778409248:AAH5-jsD0ohwn6BtBNbu575t5TnLaZFjiwk/deleteWebhook "HTTP/1.1 200 OK"
2024-12-15 12:29:27,201 - telegram.ext.Application - INFO - Application started
2024-12-15 12:29:35,909 - httpx - INFO - HTTP Request: POST https://api.telegram.org/bot7778409248:AAH5-jsD0ohwn6BtBNbu575t5TnLaZFjiwk/getUpdates "HTTP/1.1 200 OK"
2024-12-15 12:29:36,078 - httpx - INFO - HTTP Request: POST https://api.telegram.org/bot7778409248:AAH5-jsD0ohwn6BtBNbu575t5TnLaZFjiwk/sendMessage "HTTP/1.1 200 OK"
2024-12-15 12:29:41,938 - telegram.ext.Application - INFO - Application is stopping. This might take a moment.
2024-12-15 12:29:41,939 - telegram.ext.Application - INFO - Application.stop() complete
2024-12-15 12:52:58,646 - __main__ - INFO - Команды зарегистрированы. Ожидание сообщений...
2024-12-15 12:52:58,774 - httpx - INFO - HTTP Request: POST https://api.telegram.org/bot7778409248:AAH5-jsD0ohwn6BtBNbu575t5TnLaZFjiwk/getMe "HTTP/1.1 200 OK"
2024-12-15 12:52:58,797 - httpx - INFO - HTTP Request: POST https://api.telegram.org/bot7778409248:AAH5-jsD0ohwn6BtBNbu575t5TnLaZFjiwk/deleteWebhook "HTTP/1.1 200 OK"
2024-12-15 12:52:58,799 - telegram.ext.Application - INFO - Application started
2024-12-15 12:53:08,932 - httpx - INFO - HTTP Request: POST https://api.telegram.org/bot7778409248:AAH5-jsD0ohwn6BtBNbu575t5TnLaZFjiwk/getUpdates "HTTP/1.1 200 OK"
2024-12-15 12:53:16,484 - httpx - INFO - HTTP Request: POST https://api.telegram.org/bot7778409248:AAH5-jsD0ohwn6BtBNbu575t5TnLaZFjiwk/getUpdates "HTTP/1.1 200 OK"
2024-12-15 12:53:16,601 - httpx - INFO - HTTP Request: POST https://api.telegram.org/bot7778409248:AAH5-jsD0ohwn6BtBNbu575t5TnLaZFjiwk/sendMessage "HTTP/1.1 200 OK"
2024-12-15 12:53:26,545 - httpx - INFO - HTTP Request: POST https://api.telegram.org/bot7778409248:AAH5-jsD0ohwn6BtBNbu575t5TnLaZFjiwk/getUpdates "HTTP/1.1 200 OK"
2024-12-15 12:53:32,894 - httpx - INFO - HTTP Request: POST https://api.telegram.org/bot7778409248:AAH5-jsD0ohwn6BtBNbu575t5TnLaZFjiwk/getUpdates "HTTP/1.1 200 OK"
2024-12-15 12:53:33,001 - httpx - INFO - HTTP Request: POST https://api.telegram.org/bot7778409248:AAH5-jsD0ohwn6BtBNbu575t5TnLaZFjiwk/answerCallbackQuery "HTTP/1.1 200 OK"
2024-12-15 12:53:33,002 - telegram.ext.Application - ERROR - No error handlers are registered, logging exception.
Traceback (most recent call last):
  File "/home/bot/projects/bot_news/venv/lib/python3.12/site-packages/telegram/ext/_application.py", line 1124, in process_update
    await coroutine
  File "/home/bot/projects/bot_news/venv/lib/python3.12/site-packages/telegram/ext/_handler.py", line 141, in handle_update
    return await self.callback(update, context)
           ^^^^^^^^^^^^^^^^^^^^^^^^^^^^^^^^^^^^
  File "/home/bot/projects/bot_news/src/bot/handlers.py", line 36, in button_handler
    await help_command(query.message, context)
  File "/home/bot/projects/bot_news/src/bot/handlers.py", line 90, in help_command
    await update.message.reply_text(f"Доступные команды:\n{commands}")
          ^^^^^^^^^^^^^^
AttributeError: 'Message' object has no attribute 'message'. Did you mean: 'message_id'?
2024-12-15 12:53:36,478 - httpx - INFO - HTTP Request: POST https://api.telegram.org/bot7778409248:AAH5-jsD0ohwn6BtBNbu575t5TnLaZFjiwk/getUpdates "HTTP/1.1 200 OK"
2024-12-15 12:53:36,580 - httpx - INFO - HTTP Request: POST https://api.telegram.org/bot7778409248:AAH5-jsD0ohwn6BtBNbu575t5TnLaZFjiwk/answerCallbackQuery "HTTP/1.1 200 OK"
2024-12-15 12:53:36,581 - telegram.ext.Application - ERROR - No error handlers are registered, logging exception.
Traceback (most recent call last):
  File "/home/bot/projects/bot_news/venv/lib/python3.12/site-packages/telegram/ext/_application.py", line 1124, in process_update
    await coroutine
  File "/home/bot/projects/bot_news/venv/lib/python3.12/site-packages/telegram/ext/_handler.py", line 141, in handle_update
    return await self.callback(update, context)
           ^^^^^^^^^^^^^^^^^^^^^^^^^^^^^^^^^^^^
  File "/home/bot/projects/bot_news/src/bot/handlers.py", line 36, in button_handler
    await help_command(query.message, context)
  File "/home/bot/projects/bot_news/src/bot/handlers.py", line 90, in help_command
    await update.message.reply_text(f"Доступные команды:\n{commands}")
          ^^^^^^^^^^^^^^
AttributeError: 'Message' object has no attribute 'message'. Did you mean: 'message_id'?
2024-12-15 12:53:44,526 - httpx - INFO - HTTP Request: POST https://api.telegram.org/bot7778409248:AAH5-jsD0ohwn6BtBNbu575t5TnLaZFjiwk/getUpdates "HTTP/1.1 200 OK"
2024-12-15 12:53:44,616 - httpx - INFO - HTTP Request: POST https://api.telegram.org/bot7778409248:AAH5-jsD0ohwn6BtBNbu575t5TnLaZFjiwk/answerCallbackQuery "HTTP/1.1 200 OK"
2024-12-15 12:53:44,696 - httpx - INFO - HTTP Request: POST https://api.telegram.org/bot7778409248:AAH5-jsD0ohwn6BtBNbu575t5TnLaZFjiwk/sendMessage "HTTP/1.1 200 OK"
2024-12-15 12:53:54,554 - httpx - INFO - HTTP Request: POST https://api.telegram.org/bot7778409248:AAH5-jsD0ohwn6BtBNbu575t5TnLaZFjiwk/getUpdates "HTTP/1.1 200 OK"
2024-12-15 12:54:04,593 - httpx - INFO - HTTP Request: POST https://api.telegram.org/bot7778409248:AAH5-jsD0ohwn6BtBNbu575t5TnLaZFjiwk/getUpdates "HTTP/1.1 200 OK"
2024-12-15 12:54:08,010 - telegram.ext.Application - INFO - Application is stopping. This might take a moment.
2024-12-15 12:54:08,011 - telegram.ext.Application - INFO - Application.stop() complete
2024-12-15 12:56:14,251 - __main__ - INFO - Команды зарегистрированы. Ожидание сообщений...
2024-12-15 12:56:14,340 - httpx - INFO - HTTP Request: POST https://api.telegram.org/bot7778409248:AAH5-jsD0ohwn6BtBNbu575t5TnLaZFjiwk/getMe "HTTP/1.1 200 OK"
2024-12-15 12:56:14,362 - httpx - INFO - HTTP Request: POST https://api.telegram.org/bot7778409248:AAH5-jsD0ohwn6BtBNbu575t5TnLaZFjiwk/deleteWebhook "HTTP/1.1 200 OK"
2024-12-15 12:56:14,364 - telegram.ext.Application - INFO - Application started
2024-12-15 12:56:24,439 - httpx - INFO - HTTP Request: POST https://api.telegram.org/bot7778409248:AAH5-jsD0ohwn6BtBNbu575t5TnLaZFjiwk/getUpdates "HTTP/1.1 200 OK"
2024-12-15 12:56:34,464 - httpx - INFO - HTTP Request: POST https://api.telegram.org/bot7778409248:AAH5-jsD0ohwn6BtBNbu575t5TnLaZFjiwk/getUpdates "HTTP/1.1 200 OK"
2024-12-15 12:56:44,589 - httpx - INFO - HTTP Request: POST https://api.telegram.org/bot7778409248:AAH5-jsD0ohwn6BtBNbu575t5TnLaZFjiwk/getUpdates "HTTP/1.1 200 OK"
2024-12-15 12:56:54,625 - httpx - INFO - HTTP Request: POST https://api.telegram.org/bot7778409248:AAH5-jsD0ohwn6BtBNbu575t5TnLaZFjiwk/getUpdates "HTTP/1.1 200 OK"
2024-12-15 12:57:04,650 - httpx - INFO - HTTP Request: POST https://api.telegram.org/bot7778409248:AAH5-jsD0ohwn6BtBNbu575t5TnLaZFjiwk/getUpdates "HTTP/1.1 200 OK"
2024-12-15 12:57:14,695 - httpx - INFO - HTTP Request: POST https://api.telegram.org/bot7778409248:AAH5-jsD0ohwn6BtBNbu575t5TnLaZFjiwk/getUpdates "HTTP/1.1 200 OK"
2024-12-15 12:57:24,731 - httpx - INFO - HTTP Request: POST https://api.telegram.org/bot7778409248:AAH5-jsD0ohwn6BtBNbu575t5TnLaZFjiwk/getUpdates "HTTP/1.1 200 OK"
2024-12-15 12:57:29,851 - httpx - INFO - HTTP Request: POST https://api.telegram.org/bot7778409248:AAH5-jsD0ohwn6BtBNbu575t5TnLaZFjiwk/getUpdates "HTTP/1.1 200 OK"
2024-12-15 12:57:29,994 - httpx - INFO - HTTP Request: POST https://api.telegram.org/bot7778409248:AAH5-jsD0ohwn6BtBNbu575t5TnLaZFjiwk/sendMessage "HTTP/1.1 200 OK"
2024-12-15 12:57:39,987 - httpx - INFO - HTTP Request: POST https://api.telegram.org/bot7778409248:AAH5-jsD0ohwn6BtBNbu575t5TnLaZFjiwk/getUpdates "HTTP/1.1 200 OK"
2024-12-15 12:57:50,012 - httpx - INFO - HTTP Request: POST https://api.telegram.org/bot7778409248:AAH5-jsD0ohwn6BtBNbu575t5TnLaZFjiwk/getUpdates "HTTP/1.1 200 OK"
2024-12-15 12:58:00,060 - httpx - INFO - HTTP Request: POST https://api.telegram.org/bot7778409248:AAH5-jsD0ohwn6BtBNbu575t5TnLaZFjiwk/getUpdates "HTTP/1.1 200 OK"
2024-12-15 12:58:10,095 - httpx - INFO - HTTP Request: POST https://api.telegram.org/bot7778409248:AAH5-jsD0ohwn6BtBNbu575t5TnLaZFjiwk/getUpdates "HTTP/1.1 200 OK"
2024-12-15 12:58:20,119 - httpx - INFO - HTTP Request: POST https://api.telegram.org/bot7778409248:AAH5-jsD0ohwn6BtBNbu575t5TnLaZFjiwk/getUpdates "HTTP/1.1 200 OK"
2024-12-15 12:58:30,165 - httpx - INFO - HTTP Request: POST https://api.telegram.org/bot7778409248:AAH5-jsD0ohwn6BtBNbu575t5TnLaZFjiwk/getUpdates "HTTP/1.1 200 OK"
2024-12-15 12:58:40,303 - httpx - INFO - HTTP Request: POST https://api.telegram.org/bot7778409248:AAH5-jsD0ohwn6BtBNbu575t5TnLaZFjiwk/getUpdates "HTTP/1.1 200 OK"
2024-12-15 12:58:50,327 - httpx - INFO - HTTP Request: POST https://api.telegram.org/bot7778409248:AAH5-jsD0ohwn6BtBNbu575t5TnLaZFjiwk/getUpdates "HTTP/1.1 200 OK"
2024-12-15 12:59:00,352 - httpx - INFO - HTTP Request: POST https://api.telegram.org/bot7778409248:AAH5-jsD0ohwn6BtBNbu575t5TnLaZFjiwk/getUpdates "HTTP/1.1 200 OK"
2024-12-15 12:59:10,409 - httpx - INFO - HTTP Request: POST https://api.telegram.org/bot7778409248:AAH5-jsD0ohwn6BtBNbu575t5TnLaZFjiwk/getUpdates "HTTP/1.1 200 OK"
2024-12-15 12:59:20,433 - httpx - INFO - HTTP Request: POST https://api.telegram.org/bot7778409248:AAH5-jsD0ohwn6BtBNbu575t5TnLaZFjiwk/getUpdates "HTTP/1.1 200 OK"
2024-12-15 12:59:30,479 - httpx - INFO - HTTP Request: POST https://api.telegram.org/bot7778409248:AAH5-jsD0ohwn6BtBNbu575t5TnLaZFjiwk/getUpdates "HTTP/1.1 200 OK"
2024-12-15 12:59:40,515 - httpx - INFO - HTTP Request: POST https://api.telegram.org/bot7778409248:AAH5-jsD0ohwn6BtBNbu575t5TnLaZFjiwk/getUpdates "HTTP/1.1 200 OK"
2024-12-15 12:59:50,539 - httpx - INFO - HTTP Request: POST https://api.telegram.org/bot7778409248:AAH5-jsD0ohwn6BtBNbu575t5TnLaZFjiwk/getUpdates "HTTP/1.1 200 OK"
2024-12-15 13:00:00,563 - httpx - INFO - HTTP Request: POST https://api.telegram.org/bot7778409248:AAH5-jsD0ohwn6BtBNbu575t5TnLaZFjiwk/getUpdates "HTTP/1.1 200 OK"
2024-12-15 13:00:10,621 - httpx - INFO - HTTP Request: POST https://api.telegram.org/bot7778409248:AAH5-jsD0ohwn6BtBNbu575t5TnLaZFjiwk/getUpdates "HTTP/1.1 200 OK"
2024-12-15 13:00:20,758 - httpx - INFO - HTTP Request: POST https://api.telegram.org/bot7778409248:AAH5-jsD0ohwn6BtBNbu575t5TnLaZFjiwk/getUpdates "HTTP/1.1 200 OK"
2024-12-15 13:00:30,783 - httpx - INFO - HTTP Request: POST https://api.telegram.org/bot7778409248:AAH5-jsD0ohwn6BtBNbu575t5TnLaZFjiwk/getUpdates "HTTP/1.1 200 OK"
2024-12-15 13:00:40,829 - httpx - INFO - HTTP Request: POST https://api.telegram.org/bot7778409248:AAH5-jsD0ohwn6BtBNbu575t5TnLaZFjiwk/getUpdates "HTTP/1.1 200 OK"
2024-12-15 13:00:47,895 - httpx - INFO - HTTP Request: POST https://api.telegram.org/bot7778409248:AAH5-jsD0ohwn6BtBNbu575t5TnLaZFjiwk/getUpdates "HTTP/1.1 200 OK"
2024-12-15 13:00:48,103 - httpx - INFO - HTTP Request: POST https://api.telegram.org/bot7778409248:AAH5-jsD0ohwn6BtBNbu575t5TnLaZFjiwk/answerCallbackQuery "HTTP/1.1 200 OK"
2024-12-15 13:00:48,272 - httpx - INFO - HTTP Request: POST https://api.telegram.org/bot7778409248:AAH5-jsD0ohwn6BtBNbu575t5TnLaZFjiwk/sendMessage "HTTP/1.1 200 OK"
2024-12-15 13:00:57,935 - httpx - INFO - HTTP Request: POST https://api.telegram.org/bot7778409248:AAH5-jsD0ohwn6BtBNbu575t5TnLaZFjiwk/getUpdates "HTTP/1.1 200 OK"
2024-12-15 13:01:07,959 - httpx - INFO - HTTP Request: POST https://api.telegram.org/bot7778409248:AAH5-jsD0ohwn6BtBNbu575t5TnLaZFjiwk/getUpdates "HTTP/1.1 200 OK"
2024-12-15 13:01:17,984 - httpx - INFO - HTTP Request: POST https://api.telegram.org/bot7778409248:AAH5-jsD0ohwn6BtBNbu575t5TnLaZFjiwk/getUpdates "HTTP/1.1 200 OK"
2024-12-15 13:01:28,037 - httpx - INFO - HTTP Request: POST https://api.telegram.org/bot7778409248:AAH5-jsD0ohwn6BtBNbu575t5TnLaZFjiwk/getUpdates "HTTP/1.1 200 OK"
2024-12-15 13:01:38,061 - httpx - INFO - HTTP Request: POST https://api.telegram.org/bot7778409248:AAH5-jsD0ohwn6BtBNbu575t5TnLaZFjiwk/getUpdates "HTTP/1.1 200 OK"
2024-12-15 13:01:48,107 - httpx - INFO - HTTP Request: POST https://api.telegram.org/bot7778409248:AAH5-jsD0ohwn6BtBNbu575t5TnLaZFjiwk/getUpdates "HTTP/1.1 200 OK"
2024-12-15 13:01:58,132 - httpx - INFO - HTTP Request: POST https://api.telegram.org/bot7778409248:AAH5-jsD0ohwn6BtBNbu575t5TnLaZFjiwk/getUpdates "HTTP/1.1 200 OK"
2024-12-15 13:02:08,161 - httpx - INFO - HTTP Request: POST https://api.telegram.org/bot7778409248:AAH5-jsD0ohwn6BtBNbu575t5TnLaZFjiwk/getUpdates "HTTP/1.1 200 OK"
2024-12-15 13:02:18,188 - httpx - INFO - HTTP Request: POST https://api.telegram.org/bot7778409248:AAH5-jsD0ohwn6BtBNbu575t5TnLaZFjiwk/getUpdates "HTTP/1.1 200 OK"
2024-12-15 13:02:28,248 - httpx - INFO - HTTP Request: POST https://api.telegram.org/bot7778409248:AAH5-jsD0ohwn6BtBNbu575t5TnLaZFjiwk/getUpdates "HTTP/1.1 200 OK"
2024-12-15 13:02:38,275 - httpx - INFO - HTTP Request: POST https://api.telegram.org/bot7778409248:AAH5-jsD0ohwn6BtBNbu575t5TnLaZFjiwk/getUpdates "HTTP/1.1 200 OK"
2024-12-15 13:02:41,663 - httpx - INFO - HTTP Request: POST https://api.telegram.org/bot7778409248:AAH5-jsD0ohwn6BtBNbu575t5TnLaZFjiwk/getUpdates "HTTP/1.1 409 Conflict"
2024-12-15 13:02:41,665 - telegram.ext.Updater - ERROR - Error while getting Updates: Conflict: terminated by other getUpdates request; make sure that only one bot instance is running
2024-12-15 13:02:41,665 - telegram.ext.Application - ERROR - No error handlers are registered, logging exception.
Traceback (most recent call last):
  File "/home/bot/projects/bot_news/venv/lib/python3.12/site-packages/telegram/ext/_updater.py", line 607, in _network_loop_retry
    if not await action_cb():
           ^^^^^^^^^^^^^^^^^
  File "/home/bot/projects/bot_news/venv/lib/python3.12/site-packages/telegram/ext/_updater.py", line 335, in polling_action_cb
    raise exc
  File "/home/bot/projects/bot_news/venv/lib/python3.12/site-packages/telegram/ext/_updater.py", line 320, in polling_action_cb
    updates = await self.bot.get_updates(
              ^^^^^^^^^^^^^^^^^^^^^^^^^^^
  File "/home/bot/projects/bot_news/venv/lib/python3.12/site-packages/telegram/ext/_extbot.py", line 543, in get_updates
    updates = await super().get_updates(
              ^^^^^^^^^^^^^^^^^^^^^^^^^^
  File "/home/bot/projects/bot_news/venv/lib/python3.12/site-packages/telegram/_bot.py", line 381, in decorator
    result = await func(self, *args, **kwargs)  # skipcq: PYL-E1102
             ^^^^^^^^^^^^^^^^^^^^^^^^^^^^^^^^^
  File "/home/bot/projects/bot_news/venv/lib/python3.12/site-packages/telegram/_bot.py", line 3661, in get_updates
    await self._post(
  File "/home/bot/projects/bot_news/venv/lib/python3.12/site-packages/telegram/_bot.py", line 469, in _post
    return await self._do_post(
           ^^^^^^^^^^^^^^^^^^^^
  File "/home/bot/projects/bot_news/venv/lib/python3.12/site-packages/telegram/ext/_extbot.py", line 325, in _do_post
    return await super()._do_post(
           ^^^^^^^^^^^^^^^^^^^^^^^
  File "/home/bot/projects/bot_news/venv/lib/python3.12/site-packages/telegram/_bot.py", line 497, in _do_post
    return await request.post(
           ^^^^^^^^^^^^^^^^^^^
  File "/home/bot/projects/bot_news/venv/lib/python3.12/site-packages/telegram/request/_baserequest.py", line 168, in post
    result = await self._request_wrapper(
             ^^^^^^^^^^^^^^^^^^^^^^^^^^^^
  File "/home/bot/projects/bot_news/venv/lib/python3.12/site-packages/telegram/request/_baserequest.py", line 330, in _request_wrapper
    raise Conflict(message)
telegram.error.Conflict: Conflict: terminated by other getUpdates request; make sure that only one bot instance is running
2024-12-15 13:02:52,690 - httpx - INFO - HTTP Request: POST https://api.telegram.org/bot7778409248:AAH5-jsD0ohwn6BtBNbu575t5TnLaZFjiwk/getUpdates "HTTP/1.1 200 OK"
2024-12-15 13:03:02,716 - httpx - INFO - HTTP Request: POST https://api.telegram.org/bot7778409248:AAH5-jsD0ohwn6BtBNbu575t5TnLaZFjiwk/getUpdates "HTTP/1.1 200 OK"
2024-12-15 13:03:12,793 - httpx - INFO - HTTP Request: POST https://api.telegram.org/bot7778409248:AAH5-jsD0ohwn6BtBNbu575t5TnLaZFjiwk/getUpdates "HTTP/1.1 200 OK"
2024-12-15 13:03:22,829 - httpx - INFO - HTTP Request: POST https://api.telegram.org/bot7778409248:AAH5-jsD0ohwn6BtBNbu575t5TnLaZFjiwk/getUpdates "HTTP/1.1 200 OK"
2024-12-15 13:03:32,864 - httpx - INFO - HTTP Request: POST https://api.telegram.org/bot7778409248:AAH5-jsD0ohwn6BtBNbu575t5TnLaZFjiwk/getUpdates "HTTP/1.1 200 OK"
2024-12-15 13:03:42,899 - httpx - INFO - HTTP Request: POST https://api.telegram.org/bot7778409248:AAH5-jsD0ohwn6BtBNbu575t5TnLaZFjiwk/getUpdates "HTTP/1.1 200 OK"
2024-12-15 13:03:52,923 - httpx - INFO - HTTP Request: POST https://api.telegram.org/bot7778409248:AAH5-jsD0ohwn6BtBNbu575t5TnLaZFjiwk/getUpdates "HTTP/1.1 200 OK"
2024-12-15 13:04:02,971 - httpx - INFO - HTTP Request: POST https://api.telegram.org/bot7778409248:AAH5-jsD0ohwn6BtBNbu575t5TnLaZFjiwk/getUpdates "HTTP/1.1 200 OK"
2024-12-15 13:04:13,108 - httpx - INFO - HTTP Request: POST https://api.telegram.org/bot7778409248:AAH5-jsD0ohwn6BtBNbu575t5TnLaZFjiwk/getUpdates "HTTP/1.1 200 OK"
2024-12-15 13:04:23,144 - httpx - INFO - HTTP Request: POST https://api.telegram.org/bot7778409248:AAH5-jsD0ohwn6BtBNbu575t5TnLaZFjiwk/getUpdates "HTTP/1.1 200 OK"
2024-12-15 13:04:33,281 - httpx - INFO - HTTP Request: POST https://api.telegram.org/bot7778409248:AAH5-jsD0ohwn6BtBNbu575t5TnLaZFjiwk/getUpdates "HTTP/1.1 200 OK"
2024-12-15 13:04:43,308 - httpx - INFO - HTTP Request: POST https://api.telegram.org/bot7778409248:AAH5-jsD0ohwn6BtBNbu575t5TnLaZFjiwk/getUpdates "HTTP/1.1 200 OK"
2024-12-15 13:04:53,352 - httpx - INFO - HTTP Request: POST https://api.telegram.org/bot7778409248:AAH5-jsD0ohwn6BtBNbu575t5TnLaZFjiwk/getUpdates "HTTP/1.1 200 OK"
2024-12-15 13:05:03,489 - httpx - INFO - HTTP Request: POST https://api.telegram.org/bot7778409248:AAH5-jsD0ohwn6BtBNbu575t5TnLaZFjiwk/getUpdates "HTTP/1.1 200 OK"
2024-12-15 13:05:13,525 - httpx - INFO - HTTP Request: POST https://api.telegram.org/bot7778409248:AAH5-jsD0ohwn6BtBNbu575t5TnLaZFjiwk/getUpdates "HTTP/1.1 200 OK"
2024-12-15 13:05:23,560 - httpx - INFO - HTTP Request: POST https://api.telegram.org/bot7778409248:AAH5-jsD0ohwn6BtBNbu575t5TnLaZFjiwk/getUpdates "HTTP/1.1 200 OK"
2024-12-15 13:05:33,698 - httpx - INFO - HTTP Request: POST https://api.telegram.org/bot7778409248:AAH5-jsD0ohwn6BtBNbu575t5TnLaZFjiwk/getUpdates "HTTP/1.1 200 OK"
2024-12-15 13:05:43,722 - httpx - INFO - HTTP Request: POST https://api.telegram.org/bot7778409248:AAH5-jsD0ohwn6BtBNbu575t5TnLaZFjiwk/getUpdates "HTTP/1.1 200 OK"
2024-12-15 13:05:53,747 - httpx - INFO - HTTP Request: POST https://api.telegram.org/bot7778409248:AAH5-jsD0ohwn6BtBNbu575t5TnLaZFjiwk/getUpdates "HTTP/1.1 200 OK"
2024-12-15 13:06:03,804 - httpx - INFO - HTTP Request: POST https://api.telegram.org/bot7778409248:AAH5-jsD0ohwn6BtBNbu575t5TnLaZFjiwk/getUpdates "HTTP/1.1 200 OK"
2024-12-15 13:06:04,332 - telegram.ext.Application - INFO - Application is stopping. This might take a moment.
2024-12-15 13:06:04,332 - telegram.ext.Application - INFO - Application.stop() complete
2024-12-15 18:32:36,489 - __main__ - INFO - Команды зарегистрированы. Ожидание сообщений...
2024-12-15 18:32:36,650 - httpx - INFO - HTTP Request: POST https://api.telegram.org/bot7778409248:AAH5-jsD0ohwn6BtBNbu575t5TnLaZFjiwk/getMe "HTTP/1.1 200 OK"
2024-12-15 18:32:36,681 - httpx - INFO - HTTP Request: POST https://api.telegram.org/bot7778409248:AAH5-jsD0ohwn6BtBNbu575t5TnLaZFjiwk/deleteWebhook "HTTP/1.1 200 OK"
2024-12-15 18:32:36,684 - telegram.ext.Application - INFO - Application started
2024-12-15 18:32:46,864 - httpx - INFO - HTTP Request: POST https://api.telegram.org/bot7778409248:AAH5-jsD0ohwn6BtBNbu575t5TnLaZFjiwk/getUpdates "HTTP/1.1 200 OK"
2024-12-15 18:32:56,891 - httpx - INFO - HTTP Request: POST https://api.telegram.org/bot7778409248:AAH5-jsD0ohwn6BtBNbu575t5TnLaZFjiwk/getUpdates "HTTP/1.1 200 OK"
2024-12-15 18:32:57,959 - httpx - INFO - HTTP Request: POST https://api.telegram.org/bot7778409248:AAH5-jsD0ohwn6BtBNbu575t5TnLaZFjiwk/getUpdates "HTTP/1.1 200 OK"
2024-12-15 18:32:58,076 - httpx - INFO - HTTP Request: POST https://api.telegram.org/bot7778409248:AAH5-jsD0ohwn6BtBNbu575t5TnLaZFjiwk/sendMessage "HTTP/1.1 200 OK"
2024-12-15 18:33:08,062 - httpx - INFO - HTTP Request: POST https://api.telegram.org/bot7778409248:AAH5-jsD0ohwn6BtBNbu575t5TnLaZFjiwk/getUpdates "HTTP/1.1 200 OK"
2024-12-15 18:33:18,096 - httpx - INFO - HTTP Request: POST https://api.telegram.org/bot7778409248:AAH5-jsD0ohwn6BtBNbu575t5TnLaZFjiwk/getUpdates "HTTP/1.1 200 OK"
2024-12-15 18:33:21,047 - telegram.ext.Application - INFO - Application is stopping. This might take a moment.
2024-12-15 18:33:21,048 - telegram.ext.Application - INFO - Application.stop() complete
2024-12-15 18:36:07,169 - __main__ - INFO - Команды зарегистрированы. Ожидание сообщений...
2024-12-15 18:36:07,309 - httpx - INFO - HTTP Request: POST https://api.telegram.org/bot7778409248:AAH5-jsD0ohwn6BtBNbu575t5TnLaZFjiwk/getMe "HTTP/1.1 200 OK"
2024-12-15 18:36:07,333 - httpx - INFO - HTTP Request: POST https://api.telegram.org/bot7778409248:AAH5-jsD0ohwn6BtBNbu575t5TnLaZFjiwk/deleteWebhook "HTTP/1.1 200 OK"
2024-12-15 18:36:07,336 - telegram.ext.Application - INFO - Application started
2024-12-15 18:36:09,939 - telegram.ext.Application - INFO - Application is stopping. This might take a moment.
2024-12-15 18:36:09,939 - telegram.ext.Application - INFO - Application.stop() complete
2024-12-15 18:37:29,913 - __main__ - INFO - Команды зарегистрированы. Ожидание сообщений...
2024-12-15 18:37:30,015 - httpx - INFO - HTTP Request: POST https://api.telegram.org/bot7778409248:AAH5-jsD0ohwn6BtBNbu575t5TnLaZFjiwk/getMe "HTTP/1.1 200 OK"
2024-12-15 18:37:30,040 - httpx - INFO - HTTP Request: POST https://api.telegram.org/bot7778409248:AAH5-jsD0ohwn6BtBNbu575t5TnLaZFjiwk/deleteWebhook "HTTP/1.1 200 OK"
2024-12-15 18:37:30,043 - telegram.ext.Application - INFO - Application started
2024-12-15 18:37:39,119 - httpx - INFO - HTTP Request: POST https://api.telegram.org/bot7778409248:AAH5-jsD0ohwn6BtBNbu575t5TnLaZFjiwk/getUpdates "HTTP/1.1 200 OK"
2024-12-15 18:37:39,223 - httpx - INFO - HTTP Request: POST https://api.telegram.org/bot7778409248:AAH5-jsD0ohwn6BtBNbu575t5TnLaZFjiwk/sendMessage "HTTP/1.1 200 OK"
2024-12-15 18:37:49,257 - httpx - INFO - HTTP Request: POST https://api.telegram.org/bot7778409248:AAH5-jsD0ohwn6BtBNbu575t5TnLaZFjiwk/getUpdates "HTTP/1.1 200 OK"
2024-12-15 18:37:59,292 - httpx - INFO - HTTP Request: POST https://api.telegram.org/bot7778409248:AAH5-jsD0ohwn6BtBNbu575t5TnLaZFjiwk/getUpdates "HTTP/1.1 200 OK"
2024-12-15 18:38:09,321 - httpx - INFO - HTTP Request: POST https://api.telegram.org/bot7778409248:AAH5-jsD0ohwn6BtBNbu575t5TnLaZFjiwk/getUpdates "HTTP/1.1 200 OK"
2024-12-15 18:38:19,465 - httpx - INFO - HTTP Request: POST https://api.telegram.org/bot7778409248:AAH5-jsD0ohwn6BtBNbu575t5TnLaZFjiwk/getUpdates "HTTP/1.1 200 OK"
2024-12-15 18:38:29,501 - httpx - INFO - HTTP Request: POST https://api.telegram.org/bot7778409248:AAH5-jsD0ohwn6BtBNbu575t5TnLaZFjiwk/getUpdates "HTTP/1.1 200 OK"
2024-12-15 18:38:39,528 - httpx - INFO - HTTP Request: POST https://api.telegram.org/bot7778409248:AAH5-jsD0ohwn6BtBNbu575t5TnLaZFjiwk/getUpdates "HTTP/1.1 200 OK"
2024-12-15 18:38:49,572 - httpx - INFO - HTTP Request: POST https://api.telegram.org/bot7778409248:AAH5-jsD0ohwn6BtBNbu575t5TnLaZFjiwk/getUpdates "HTTP/1.1 200 OK"
2024-12-15 18:38:49,716 - httpx - INFO - HTTP Request: POST https://api.telegram.org/bot7778409248:AAH5-jsD0ohwn6BtBNbu575t5TnLaZFjiwk/answerCallbackQuery "HTTP/1.1 200 OK"
2024-12-15 18:38:49,824 - httpx - INFO - HTTP Request: POST https://api.telegram.org/bot7778409248:AAH5-jsD0ohwn6BtBNbu575t5TnLaZFjiwk/sendMessage "HTTP/1.1 200 OK"
2024-12-15 18:38:59,709 - httpx - INFO - HTTP Request: POST https://api.telegram.org/bot7778409248:AAH5-jsD0ohwn6BtBNbu575t5TnLaZFjiwk/getUpdates "HTTP/1.1 200 OK"
2024-12-15 18:39:09,745 - httpx - INFO - HTTP Request: POST https://api.telegram.org/bot7778409248:AAH5-jsD0ohwn6BtBNbu575t5TnLaZFjiwk/getUpdates "HTTP/1.1 200 OK"
2024-12-15 18:39:19,780 - httpx - INFO - HTTP Request: POST https://api.telegram.org/bot7778409248:AAH5-jsD0ohwn6BtBNbu575t5TnLaZFjiwk/getUpdates "HTTP/1.1 200 OK"
2024-12-15 18:39:29,918 - httpx - INFO - HTTP Request: POST https://api.telegram.org/bot7778409248:AAH5-jsD0ohwn6BtBNbu575t5TnLaZFjiwk/getUpdates "HTTP/1.1 200 OK"
2024-12-15 18:39:40,056 - httpx - INFO - HTTP Request: POST https://api.telegram.org/bot7778409248:AAH5-jsD0ohwn6BtBNbu575t5TnLaZFjiwk/getUpdates "HTTP/1.1 200 OK"
2024-12-15 18:39:50,091 - httpx - INFO - HTTP Request: POST https://api.telegram.org/bot7778409248:AAH5-jsD0ohwn6BtBNbu575t5TnLaZFjiwk/getUpdates "HTTP/1.1 200 OK"
2024-12-15 18:40:00,126 - httpx - INFO - HTTP Request: POST https://api.telegram.org/bot7778409248:AAH5-jsD0ohwn6BtBNbu575t5TnLaZFjiwk/getUpdates "HTTP/1.1 200 OK"
2024-12-15 18:40:10,161 - httpx - INFO - HTTP Request: POST https://api.telegram.org/bot7778409248:AAH5-jsD0ohwn6BtBNbu575t5TnLaZFjiwk/getUpdates "HTTP/1.1 200 OK"
2024-12-15 18:40:19,753 - telegram.ext.Application - INFO - Application is stopping. This might take a moment.
2024-12-15 18:40:19,753 - telegram.ext.Application - INFO - Application.stop() complete
2024-12-15 19:00:15,244 - __main__ - INFO - Команды зарегистрированы. Ожидание сообщений...
2024-12-15 19:00:15,338 - httpx - INFO - HTTP Request: POST https://api.telegram.org/bot7778409248:AAH5-jsD0ohwn6BtBNbu575t5TnLaZFjiwk/getMe "HTTP/1.1 200 OK"
2024-12-15 19:00:15,360 - httpx - INFO - HTTP Request: POST https://api.telegram.org/bot7778409248:AAH5-jsD0ohwn6BtBNbu575t5TnLaZFjiwk/deleteWebhook "HTTP/1.1 200 OK"
2024-12-15 19:00:15,362 - telegram.ext.Application - INFO - Application started
2024-12-15 19:00:25,059 - httpx - INFO - HTTP Request: POST https://api.telegram.org/bot7778409248:AAH5-jsD0ohwn6BtBNbu575t5TnLaZFjiwk/getUpdates "HTTP/1.1 200 OK"
2024-12-15 19:00:25,175 - httpx - INFO - HTTP Request: POST https://api.telegram.org/bot7778409248:AAH5-jsD0ohwn6BtBNbu575t5TnLaZFjiwk/sendMessage "HTTP/1.1 200 OK"
2024-12-15 19:00:35,195 - httpx - INFO - HTTP Request: POST https://api.telegram.org/bot7778409248:AAH5-jsD0ohwn6BtBNbu575t5TnLaZFjiwk/getUpdates "HTTP/1.1 200 OK"
2024-12-15 19:00:45,231 - httpx - INFO - HTTP Request: POST https://api.telegram.org/bot7778409248:AAH5-jsD0ohwn6BtBNbu575t5TnLaZFjiwk/getUpdates "HTTP/1.1 200 OK"
2024-12-15 19:00:55,267 - httpx - INFO - HTTP Request: POST https://api.telegram.org/bot7778409248:AAH5-jsD0ohwn6BtBNbu575t5TnLaZFjiwk/getUpdates "HTTP/1.1 200 OK"
2024-12-15 19:01:05,294 - httpx - INFO - HTTP Request: POST https://api.telegram.org/bot7778409248:AAH5-jsD0ohwn6BtBNbu575t5TnLaZFjiwk/getUpdates "HTTP/1.1 200 OK"
2024-12-15 19:01:15,338 - httpx - INFO - HTTP Request: POST https://api.telegram.org/bot7778409248:AAH5-jsD0ohwn6BtBNbu575t5TnLaZFjiwk/getUpdates "HTTP/1.1 200 OK"
2024-12-15 19:01:25,375 - httpx - INFO - HTTP Request: POST https://api.telegram.org/bot7778409248:AAH5-jsD0ohwn6BtBNbu575t5TnLaZFjiwk/getUpdates "HTTP/1.1 200 OK"
2024-12-15 19:01:35,511 - httpx - INFO - HTTP Request: POST https://api.telegram.org/bot7778409248:AAH5-jsD0ohwn6BtBNbu575t5TnLaZFjiwk/getUpdates "HTTP/1.1 200 OK"
2024-12-15 19:01:45,538 - httpx - INFO - HTTP Request: POST https://api.telegram.org/bot7778409248:AAH5-jsD0ohwn6BtBNbu575t5TnLaZFjiwk/getUpdates "HTTP/1.1 200 OK"
2024-12-15 19:01:55,684 - httpx - INFO - HTTP Request: POST https://api.telegram.org/bot7778409248:AAH5-jsD0ohwn6BtBNbu575t5TnLaZFjiwk/getUpdates "HTTP/1.1 200 OK"
2024-12-15 19:02:05,711 - httpx - INFO - HTTP Request: POST https://api.telegram.org/bot7778409248:AAH5-jsD0ohwn6BtBNbu575t5TnLaZFjiwk/getUpdates "HTTP/1.1 200 OK"
2024-12-15 19:02:15,684 - telegram.ext.Application - INFO - Application is stopping. This might take a moment.
2024-12-15 19:02:15,684 - telegram.ext.Application - INFO - Application.stop() complete
